<?xml version="1.0" encoding="UTF-8"?>
<testng-results ignored="0" total="1" passed="1" failed="0" skipped="0">
  <reporter-output>
  </reporter-output>
  <suite started-at="2022-02-17T12:11:00 IST" name="Default suite" finished-at="2022-02-17T12:11:00 IST" duration-ms="56">
    <groups>
    </groups>
    <test started-at="2022-02-17T12:11:00 IST" name="Default test" finished-at="2022-02-17T12:11:00 IST" duration-ms="56">
      <class name="testpack.testclass">
        <test-method signature="gg()[pri:0, instance:testpack.testclass@58d75e99]" started-at="2022-02-17T12:11:00 IST" name="gg" finished-at="2022-02-17T12:11:00 IST" duration-ms="12" status="PASS">
          <reporter-output>
          </reporter-output>
        </test-method> <!-- gg -->
      </class> <!-- testpack.testclass -->
    </test> <!-- Default test -->
  </suite> <!-- Default suite -->
</testng-results>
